[dotenv@17.2.1] injecting env (17) from .env.local -- tip: 🔐 prevent building .env in docker: https://dotenvx.com/prebuild
🚀 Starting RIA Hunter data pipeline...

📊 Step 1: Loading RIA profiles...
Loading profiles from /Users/turner/projects/ria-hunter/output/ria_profiles.csv...
Found 40651 profiles
Processing 40651 profiles
Upserted 1000/40651 profiles
Upserted 2000/40651 profiles
Upserted 3000/40651 profiles
Upserted 4000/40651 profiles
Upserted 5000/40651 profiles
Upserted 6000/40651 profiles
Upserted 7000/40651 profiles
Upserted 8000/40651 profiles
Upserted 9000/40651 profiles
Upserted 10000/40651 profiles
Upserted 11000/40651 profiles
Upserted 12000/40651 profiles
Upserted 13000/40651 profiles
Upserted 14000/40651 profiles
Upserted 15000/40651 profiles
Upserted 16000/40651 profiles
Upserted 17000/40651 profiles
Upserted 18000/40651 profiles
Upserted 19000/40651 profiles
Upserted 20000/40651 profiles
Upserted 21000/40651 profiles
Upserted 22000/40651 profiles
Upserted 23000/40651 profiles
Upserted 24000/40651 profiles
Upserted 25000/40651 profiles
Upserted 26000/40651 profiles
Upserted 27000/40651 profiles
Upserted 28000/40651 profiles
Upserted 29000/40651 profiles
Upserted 30000/40651 profiles
Upserted 31000/40651 profiles
Upserted 32000/40651 profiles
Upserted 33000/40651 profiles
Upserted 34000/40651 profiles
Upserted 35000/40651 profiles
Upserted 36000/40651 profiles
Upserted 37000/40651 profiles
Upserted 38000/40651 profiles
Upserted 39000/40651 profiles
Upserted 40000/40651 profiles
Upserted 40651/40651 profiles

📝 Step 3: Generating narratives...
Error upserting narratives batch 0-1000: {
  code: '42P10',
  details: null,
  hint: null,
  message: 'there is no unique or exclusion constraint matching the ON CONFLICT specification'
}
Error upserting narratives batch 1000-2000: {
  code: '42P10',
  details: null,
  hint: null,
  message: 'there is no unique or exclusion constraint matching the ON CONFLICT specification'
}
Error upserting narratives batch 2000-3000: {
  code: '42P10',
  details: null,
  hint: null,
  message: 'there is no unique or exclusion constraint matching the ON CONFLICT specification'
}
Error upserting narratives batch 3000-4000: {
  code: '42P10',
  details: null,
  hint: null,
  message: 'there is no unique or exclusion constraint matching the ON CONFLICT specification'
}
Error upserting narratives batch 4000-5000: {
  code: '42P10',
  details: null,
  hint: null,
  message: 'there is no unique or exclusion constraint matching the ON CONFLICT specification'
}
Error upserting narratives batch 5000-6000: {
  code: '42P10',
  details: null,
  hint: null,
  message: 'there is no unique or exclusion constraint matching the ON CONFLICT specification'
}
Error upserting narratives batch 6000-7000: {
  code: '42P10',
  details: null,
  hint: null,
  message: 'there is no unique or exclusion constraint matching the ON CONFLICT specification'
}
Error upserting narratives batch 7000-8000: {
  code: '42P10',
  details: null,
  hint: null,
  message: 'there is no unique or exclusion constraint matching the ON CONFLICT specification'
}
Error upserting narratives batch 8000-9000: {
  code: '42P10',
  details: null,
  hint: null,
  message: 'there is no unique or exclusion constraint matching the ON CONFLICT specification'
}
Error upserting narratives batch 9000-10000: {
  code: '42P10',
  details: null,
  hint: null,
  message: 'there is no unique or exclusion constraint matching the ON CONFLICT specification'
}
Error upserting narratives batch 10000-11000: {
  code: '42P10',
  details: null,
  hint: null,
  message: 'there is no unique or exclusion constraint matching the ON CONFLICT specification'
}
Error upserting narratives batch 11000-12000: {
  code: '42P10',
  details: null,
  hint: null,
  message: 'there is no unique or exclusion constraint matching the ON CONFLICT specification'
}
Error upserting narratives batch 12000-13000: {
  code: '42P10',
  details: null,
  hint: null,
  message: 'there is no unique or exclusion constraint matching the ON CONFLICT specification'
}
Error upserting narratives batch 13000-14000: {
  code: '42P10',
  details: null,
  hint: null,
  message: 'there is no unique or exclusion constraint matching the ON CONFLICT specification'
}
Error upserting narratives batch 14000-15000: {
  code: '42P10',
  details: null,
  hint: null,
  message: 'there is no unique or exclusion constraint matching the ON CONFLICT specification'
}
Error upserting narratives batch 15000-16000: {
  code: '42P10',
  details: null,
  hint: null,
  message: 'there is no unique or exclusion constraint matching the ON CONFLICT specification'
}
Error upserting narratives batch 16000-17000: {
  code: '42P10',
  details: null,
  hint: null,
  message: 'there is no unique or exclusion constraint matching the ON CONFLICT specification'
}
Error upserting narratives batch 17000-18000: {
  code: '42P10',
  details: null,
  hint: null,
  message: 'there is no unique or exclusion constraint matching the ON CONFLICT specification'
}
Error upserting narratives batch 18000-19000: {
  code: '42P10',
  details: null,
  hint: null,
  message: 'there is no unique or exclusion constraint matching the ON CONFLICT specification'
}
Error upserting narratives batch 19000-20000: {
  code: '42P10',
  details: null,
  hint: null,
  message: 'there is no unique or exclusion constraint matching the ON CONFLICT specification'
}
Error upserting narratives batch 20000-21000: {
  code: '42P10',
  details: null,
  hint: null,
  message: 'there is no unique or exclusion constraint matching the ON CONFLICT specification'
}
Error upserting narratives batch 21000-22000: {
  code: '42P10',
  details: null,
  hint: null,
  message: 'there is no unique or exclusion constraint matching the ON CONFLICT specification'
}
Error upserting narratives batch 22000-23000: {
  code: '42P10',
  details: null,
  hint: null,
  message: 'there is no unique or exclusion constraint matching the ON CONFLICT specification'
}
Error upserting narratives batch 23000-24000: {
  code: '42P10',
  details: null,
  hint: null,
  message: 'there is no unique or exclusion constraint matching the ON CONFLICT specification'
}
Error upserting narratives batch 24000-25000: {
  code: '42P10',
  details: null,
  hint: null,
  message: 'there is no unique or exclusion constraint matching the ON CONFLICT specification'
}
Error upserting narratives batch 25000-26000: {
  code: '42P10',
  details: null,
  hint: null,
  message: 'there is no unique or exclusion constraint matching the ON CONFLICT specification'
}
Error upserting narratives batch 26000-27000: {
  code: '42P10',
  details: null,
  hint: null,
  message: 'there is no unique or exclusion constraint matching the ON CONFLICT specification'
}
Error upserting narratives batch 27000-28000: {
  code: '42P10',
  details: null,
  hint: null,
  message: 'there is no unique or exclusion constraint matching the ON CONFLICT specification'
}
Error upserting narratives batch 28000-29000: {
  code: '42P10',
  details: null,
  hint: null,
  message: 'there is no unique or exclusion constraint matching the ON CONFLICT specification'
}
Error upserting narratives batch 29000-30000: {
  code: '42P10',
  details: null,
  hint: null,
  message: 'there is no unique or exclusion constraint matching the ON CONFLICT specification'
}
Error upserting narratives batch 30000-31000: {
  code: '42P10',
  details: null,
  hint: null,
  message: 'there is no unique or exclusion constraint matching the ON CONFLICT specification'
}
Error upserting narratives batch 31000-32000: {
  code: '42P10',
  details: null,
  hint: null,
  message: 'there is no unique or exclusion constraint matching the ON CONFLICT specification'
}
Error upserting narratives batch 32000-33000: {
  code: '42P10',
  details: null,
  hint: null,
  message: 'there is no unique or exclusion constraint matching the ON CONFLICT specification'
}
Error upserting narratives batch 33000-34000: {
  code: '42P10',
  details: null,
  hint: null,
  message: 'there is no unique or exclusion constraint matching the ON CONFLICT specification'
}
Error upserting narratives batch 34000-35000: {
  code: '42P10',
  details: null,
  hint: null,
  message: 'there is no unique or exclusion constraint matching the ON CONFLICT specification'
}
Error upserting narratives batch 35000-36000: {
  code: '42P10',
  details: null,
  hint: null,
  message: 'there is no unique or exclusion constraint matching the ON CONFLICT specification'
}
Error upserting narratives batch 36000-37000: {
  code: '42P10',
  details: null,
  hint: null,
  message: 'there is no unique or exclusion constraint matching the ON CONFLICT specification'
}
Error upserting narratives batch 37000-38000: {
  code: '42P10',
  details: null,
  hint: null,
  message: 'there is no unique or exclusion constraint matching the ON CONFLICT specification'
}
Error upserting narratives batch 38000-39000: {
  code: '42P10',
  details: null,
  hint: null,
  message: 'there is no unique or exclusion constraint matching the ON CONFLICT specification'
}
Error upserting narratives batch 39000-40000: {
  code: '42P10',
  details: null,
  hint: null,
  message: 'there is no unique or exclusion constraint matching the ON CONFLICT specification'
}
Error upserting narratives batch 40000-40651: {
  code: '42P10',
  details: null,
  hint: null,
  message: 'there is no unique or exclusion constraint matching the ON CONFLICT specification'
}

🧠 Step 4: Generating embeddings...
Processing 10 narratives...
Embedded 10 narratives so far
Processing 10 narratives...
Embedded 20 narratives so far
Processing 10 narratives...
Embedded 30 narratives so far
Processing 10 narratives...
Embedded 40 narratives so far
Processing 10 narratives...
Embedded 50 narratives so far
Processing 10 narratives...
Embedded 60 narratives so far
Processing 10 narratives...
Embedded 70 narratives so far
Processing 10 narratives...
Embedded 80 narratives so far
Processing 10 narratives...
Embedded 90 narratives so far
Processing 10 narratives...
Embedded 100 narratives so far
Processing 10 narratives...
Embedded 110 narratives so far
Processing 10 narratives...
Embedded 120 narratives so far
Processing 10 narratives...
Embedded 130 narratives so far
Processing 10 narratives...
Embedded 140 narratives so far
Processing 10 narratives...
Embedded 150 narratives so far
Processing 10 narratives...
Embedded 160 narratives so far
Processing 10 narratives...
Embedded 170 narratives so far
Processing 10 narratives...
Embedded 180 narratives so far
Processing 10 narratives...
Embedded 190 narratives so far
Processing 10 narratives...
Embedded 200 narratives so far
Processing 10 narratives...
Embedded 210 narratives so far
Processing 10 narratives...
Embedded 220 narratives so far
Processing 10 narratives...
Embedded 230 narratives so far
Processing 10 narratives...
Embedded 240 narratives so far
Processing 10 narratives...
Embedded 250 narratives so far
Processing 10 narratives...
Embedded 260 narratives so far
Processing 10 narratives...
Embedded 270 narratives so far
Processing 10 narratives...
Embedded 280 narratives so far
Processing 10 narratives...
Embedded 290 narratives so far
Processing 10 narratives...
Embedded 300 narratives so far
Processing 10 narratives...
Embedded 310 narratives so far
Processing 10 narratives...
Embedded 320 narratives so far
Processing 10 narratives...
Embedded 330 narratives so far
Processing 10 narratives...
Embedded 340 narratives so far
Processing 10 narratives...
Embedded 350 narratives so far
Processing 10 narratives...
Embedded 360 narratives so far
Processing 10 narratives...
Embedded 370 narratives so far
Processing 10 narratives...
Embedded 380 narratives so far
Processing 10 narratives...
Embedded 390 narratives so far
Processing 10 narratives...
Embedded 400 narratives so far
Processing 10 narratives...
Embedded 410 narratives so far
Processing 10 narratives...
Embedded 420 narratives so far
Processing 10 narratives...
Embedded 430 narratives so far
Processing 10 narratives...
Embedded 440 narratives so far
Processing 10 narratives...
Embedded 450 narratives so far
Processing 10 narratives...
Embedded 460 narratives so far
Processing 10 narratives...
Embedded 470 narratives so far
Processing 10 narratives...
Embedded 480 narratives so far
Processing 10 narratives...
Embedded 490 narratives so far
Processing 10 narratives...
Embedded 500 narratives so far
Processing 10 narratives...
Embedded 510 narratives so far
Processing 10 narratives...
Embedded 520 narratives so far
Processing 10 narratives...
Embedded 530 narratives so far
Processing 10 narratives...
Embedded 540 narratives so far
Processing 10 narratives...
Embedded 550 narratives so far
Processing 10 narratives...
Embedded 560 narratives so far
Processing 10 narratives...
Embedded 570 narratives so far
Processing 10 narratives...
Embedded 580 narratives so far
Processing 10 narratives...
Embedded 590 narratives so far
Processing 10 narratives...
Embedded 600 narratives so far
Processing 10 narratives...
Embedded 610 narratives so far
Processing 10 narratives...
Embedded 620 narratives so far
Processing 10 narratives...
Embedded 630 narratives so far
Processing 10 narratives...
Embedded 640 narratives so far
Processing 10 narratives...
Embedded 650 narratives so far
Processing 2 narratives...
Embedded 652 narratives so far
No more narratives to embed

✅ Data pipeline completed successfully!
📊 Summary:
  - Profiles loaded: 40651
  - Narratives generated: 0
  - Embeddings created: 652
  - Errors: 0
